*PADS-PCB*
*PART*
ANT1   2540AT42B100
BT300  CR2032_HOLDER
C200   CAPC1005N
C201   CAPC1005N
C202   CAPC1608N
C203   CAPC1005N
C204   CAPC1005N
C205   CAPC1005N
C206   CAPC1608N
C207   CAPC1005N
C208   CAPC1005N
C209   CAPC1005N
C303   CAPC1608N
C304   CAPC1005N
C305   CAPC1005N
D301   CLVA-FKB
FD200  FIDUCIAL
FD201  FIDUCIAL
H300   SCREW_4-40
J100   MM8030-2610
J300   5X2_100_EDGE
L200   INDC1608AN
L201   INDC1608AN
NT203  NET_TIE_10_MIL
NT206  NET_TIE_10_MIL
NT211  NET_TIE_10_MIL
NT214  NET_TIE_10_MIL
R200   RESC1005N
R201   RESC1005N
R300   RESC1005N
R301   RESC1005N
R302   RESC1005N
R304   RESC1005N
R305   RESC1005N
R306   RESC1005N
R307   RESC1005N
T100   MURATA_LFL212
TP200  TEST_POINT
TP201  TEST_POINT
TP202  TEST_POINT
TP203  TEST_POINT
TP300  TEST_POINT
TP301  TEST_POINT
U200   QFN50P500X500-32W4L
U300   BNO055
X200   XO_4SMD
Z1     CAPC1005N
Z2     CAPC1005N
Z3     CAPC1005N
*END*
